<?xml version="1.0" encoding="UTF-8"?>
<testng-results skipped="0" failed="0" ignored="0" total="3" passed="3">
  <reporter-output>
  </reporter-output>
  <suite name="Default suite" duration-ms="40" started-at="2018-04-10T12:19:37Z" finished-at="2018-04-10T12:19:37Z">
    <groups>
    </groups>
    <test name="Default test" duration-ms="40" started-at="2018-04-10T12:19:37Z" finished-at="2018-04-10T12:19:37Z">
      <class name="test1">
        <test-method status="PASS" signature="Cookies()[pri:0, instance:test1@51565ec2]" name="Cookies" is-config="true" duration-ms="10" started-at="2018-04-10T12:19:37Z" finished-at="2018-04-10T12:19:37Z">
          <reporter-output>
          </reporter-output>
        </test-method> <!-- Cookies -->
        <test-method status="PASS" signature="UseridGeneration()[pri:0, instance:test1@51565ec2]" name="UseridGeneration" is-config="true" duration-ms="0" started-at="2018-04-10T12:19:37Z" finished-at="2018-04-10T12:19:37Z">
          <reporter-output>
          </reporter-output>
        </test-method> <!-- UseridGeneration -->
        <test-method status="PASS" signature="FlightBooking()[pri:0, instance:test1@51565ec2]" name="FlightBooking" duration-ms="0" started-at="2018-04-10T12:19:37Z" finished-at="2018-04-10T12:19:37Z">
          <reporter-output>
          </reporter-output>
        </test-method> <!-- FlightBooking -->
        <test-method status="PASS" signature="Reportadding()[pri:0, instance:test1@51565ec2]" name="Reportadding" is-config="true" duration-ms="0" started-at="2018-04-10T12:19:37Z" finished-at="2018-04-10T12:19:37Z">
          <reporter-output>
          </reporter-output>
        </test-method> <!-- Reportadding -->
        <test-method status="PASS" signature="UseridGeneration()[pri:0, instance:test1@51565ec2]" name="UseridGeneration" is-config="true" duration-ms="0" started-at="2018-04-10T12:19:37Z" finished-at="2018-04-10T12:19:37Z">
          <reporter-output>
          </reporter-output>
        </test-method> <!-- UseridGeneration -->
        <test-method status="PASS" signature="Reportadding()[pri:0, instance:test1@51565ec2]" name="Reportadding" is-config="true" duration-ms="0" started-at="2018-04-10T12:19:37Z" finished-at="2018-04-10T12:19:37Z">
          <reporter-output>
          </reporter-output>
        </test-method> <!-- Reportadding -->
        <test-method status="PASS" signature="Cookiesclose()[pri:0, instance:test1@51565ec2]" name="Cookiesclose" is-config="true" duration-ms="0" started-at="2018-04-10T12:19:37Z" finished-at="2018-04-10T12:19:37Z">
          <reporter-output>
          </reporter-output>
        </test-method> <!-- Cookiesclose -->
        <test-method status="PASS" signature="UseridGeneration()[pri:0, instance:test1@51565ec2]" name="UseridGeneration" is-config="true" duration-ms="0" started-at="2018-04-10T12:19:37Z" finished-at="2018-04-10T12:19:37Z">
          <reporter-output>
          </reporter-output>
        </test-method> <!-- UseridGeneration -->
        <test-method status="PASS" signature="OpeningBrowser()[pri:0, instance:test1@51565ec2]" name="OpeningBrowser" duration-ms="0" started-at="2018-04-10T12:19:37Z" finished-at="2018-04-10T12:19:37Z">
          <reporter-output>
          </reporter-output>
        </test-method> <!-- OpeningBrowser -->
        <test-method status="PASS" signature="FlightCancel()[pri:0, instance:test1@51565ec2]" name="FlightCancel" duration-ms="0" started-at="2018-04-10T12:19:37Z" finished-at="2018-04-10T12:19:37Z">
          <reporter-output>
          </reporter-output>
        </test-method> <!-- FlightCancel -->
        <test-method status="PASS" signature="Reportadding()[pri:0, instance:test1@51565ec2]" name="Reportadding" is-config="true" duration-ms="0" started-at="2018-04-10T12:19:37Z" finished-at="2018-04-10T12:19:37Z">
          <reporter-output>
          </reporter-output>
        </test-method> <!-- Reportadding -->
      </class> <!-- test1 -->
    </test> <!-- Default test -->
  </suite> <!-- Default suite -->
</testng-results>
